<?xml version="1.0" encoding="UTF-8"?>
<!-- Generated by org.testng.reporters.JUnitReportReporter -->
<testsuite skipped="0" hostname="MAC41G.local" name="MobileProgrammingLLC.Tests.APIDemos_PlayingRedDots" tests="3" failures="0" timestamp="25 Oct 2018 20:29:11 GMT" time="8.950" errors="0">
  <testcase name="tapOnDragAndDropOption" time="1.919" classname="MobileProgrammingLLC.Tests.APIDemos_PlayingRedDots"/>
  <testcase name="tapOnViewsOption" time="1.072" classname="MobileProgrammingLLC.Tests.APIDemos_PlayingRedDots"/>
  <testcase name="validatingRedDotsMovement" time="5.959" classname="MobileProgrammingLLC.Tests.APIDemos_PlayingRedDots"/>
</testsuite> <!-- MobileProgrammingLLC.Tests.APIDemos_PlayingRedDots -->
