<?xml version="1.0" encoding="UTF-8"?>
<!-- Generated by org.testng.reporters.JUnitReportReporter -->
<testsuite skipped="0" hostname="MAC41G.local" name="MobileProgrammingLLC.Tests.APIDemos_RetrivingDogsInfo" tests="2" failures="0" timestamp="25 Oct 2018 20:29:11 GMT" time="10.166" errors="0">
  <testcase name="retrieveDogNamesInformation" time="6.478" classname="MobileProgrammingLLC.Tests.APIDemos_RetrivingDogsInfo"/>
  <testcase name="navigateToCustomAdapterPage" time="3.688" classname="MobileProgrammingLLC.Tests.APIDemos_RetrivingDogsInfo"/>
</testsuite> <!-- MobileProgrammingLLC.Tests.APIDemos_RetrivingDogsInfo -->
