<?xml version="1.0" encoding="UTF-8"?>
<!-- Generated by org.testng.reporters.JUnitReportReporter -->
<testsuite skipped="0" hostname="MAC41G.local" name="MobileProgrammingLLC.Tests.APIDemos_SettingWiFi" tests="5" failures="0" timestamp="26 Oct 2018 22:17:52 GMT" time="45.167" errors="0">
  <testcase name="clickOnProfileIcon" time="31.753" classname="MobileProgrammingLLC.Tests.APIDemos_SettingWiFi"/>
  <testcase name="handlingConfirmPopUps" time="8.692" classname="MobileProgrammingLLC.Tests.APIDemos_SettingWiFi"/>
  <testcase name="validateAppIntroTitle" time="0.239" classname="MobileProgrammingLLC.Tests.APIDemos_SettingWiFi"/>
  <testcase name="enterWebsiteURL" time="2.471" classname="MobileProgrammingLLC.Tests.APIDemos_SettingWiFi"/>
  <testcase name="handlingWebSite" time="2.012" classname="MobileProgrammingLLC.Tests.APIDemos_SettingWiFi"/>
</testsuite> <!-- MobileProgrammingLLC.Tests.APIDemos_SettingWiFi -->
