<?xml version="1.0" encoding="UTF-8"?>
<!-- Generated by org.testng.reporters.JUnitReportReporter -->
<testsuite skipped="0" hostname="MAC41G.local" name="MobileProgrammingLLC.Tests.APIDemos_MakingPopUps" tests="3" failures="0" timestamp="25 Oct 2018 20:29:11 GMT" time="11.049" errors="0">
  <testcase name="makeAPopUp" time="0.210" classname="MobileProgrammingLLC.Tests.APIDemos_MakingPopUps"/>
  <testcase name="tapOnViewsOption" time="2.881" classname="MobileProgrammingLLC.Tests.APIDemos_MakingPopUps"/>
  <testcase name="tapOnPopUpMenu" time="7.958" classname="MobileProgrammingLLC.Tests.APIDemos_MakingPopUps"/>
</testsuite> <!-- MobileProgrammingLLC.Tests.APIDemos_MakingPopUps -->
