<?xml version="1.0" encoding="UTF-8"?>
<!-- Generated by org.testng.reporters.JUnitReportReporter -->
<testsuite skipped="0" hostname="MAC41G.local" name="MobileProgrammingLLC.Tests.WebViewTest_ValidatingYahooSignInPopUp" tests="5" failures="0" timestamp="30 Oct 2018 16:26:30 GMT" time="65.122" errors="0">
  <testcase name="app_validateIntroTitle" time="0.342" classname="MobileProgrammingLLC.Tests.WebViewTest_ValidatingYahooSignInPopUp"/>
  <testcase name="app_tapOnNavigationMenuBtn" time="3.867" classname="MobileProgrammingLLC.Tests.WebViewTest_ValidatingYahooSignInPopUp"/>
  <testcase name="app_handlingConfirmPopUps" time="9.059" classname="MobileProgrammingLLC.Tests.WebViewTest_ValidatingYahooSignInPopUp"/>
  <testcase name="web_validatingSignInLinks" time="18.223" classname="MobileProgrammingLLC.Tests.WebViewTest_ValidatingYahooSignInPopUp"/>
  <testcase name="app_navigatingToWebSite" time="33.631" classname="MobileProgrammingLLC.Tests.WebViewTest_ValidatingYahooSignInPopUp"/>
</testsuite> <!-- MobileProgrammingLLC.Tests.WebViewTest_ValidatingYahooSignInPopUp -->
