<?xml version="1.0" encoding="UTF-8"?>
<!-- Generated by org.testng.reporters.JUnitReportReporter -->
<testsuite skipped="0" hostname="MAC41G.local" name="MobileProgrammingLLC.Tests.WebViewTest_NavigatingYahooSiteWithinApp" tests="5" failures="0" timestamp="29 Oct 2018 17:20:10 GMT" time="47.288" errors="0">
  <testcase name="validateAppIntroTitle" time="0.438" classname="MobileProgrammingLLC.Tests.WebViewTest_NavigatingYahooSiteWithinApp"/>
  <testcase name="handlingConfirmPopUps" time="10.228" classname="MobileProgrammingLLC.Tests.WebViewTest_NavigatingYahooSiteWithinApp"/>
  <testcase name="clickOnProfileIcon" time="33.225" classname="MobileProgrammingLLC.Tests.WebViewTest_NavigatingYahooSiteWithinApp"/>
  <testcase name="handlingWebSite" time="1.655" classname="MobileProgrammingLLC.Tests.WebViewTest_NavigatingYahooSiteWithinApp"/>
  <testcase name="enterWebsiteURL" time="1.742" classname="MobileProgrammingLLC.Tests.WebViewTest_NavigatingYahooSiteWithinApp"/>
</testsuite> <!-- MobileProgrammingLLC.Tests.WebViewTest_NavigatingYahooSiteWithinApp -->
