<?xml version="1.0" encoding="UTF-8"?>
<!-- Generated by org.testng.reporters.JUnitReportReporter -->
<testsuite name="MobileProgrammingLLC.Tests.WebViewTest_Web_ValidatingYahooSignInPopUp" tests="4" time="64.373" ignored="0" failures="0" timestamp="03 Jan 2019 18:11:10 GMT" skipped="0" hostname="MAC09F.local" errors="0">
  <testcase name="app_navigatingToWebSite" time="24.898" classname="MobileProgrammingLLC.Tests.WebViewTest_Web_ValidatingYahooSignInPopUp"/>
  <testcase name="app_tapOnNavigationMenuBtn" time="28.549" classname="MobileProgrammingLLC.Tests.WebViewTest_Web_ValidatingYahooSignInPopUp"/>
  <testcase name="app_handlingConfirmPopUps" time="10.060" classname="MobileProgrammingLLC.Tests.WebViewTest_Web_ValidatingYahooSignInPopUp"/>
  <testcase name="app_validateIntroTitle" time="0.866" classname="MobileProgrammingLLC.Tests.WebViewTest_Web_ValidatingYahooSignInPopUp"/>
</testsuite> <!-- MobileProgrammingLLC.Tests.WebViewTest_Web_ValidatingYahooSignInPopUp -->
