<?xml version="1.0" encoding="UTF-8"?>
<!-- Generated by org.testng.reporters.JUnitReportReporter -->
<testsuite name="MobileProgrammingLLC.Tests.WebViewTest_App_ValidatingAboutSection" tests="4" time="9.189" ignored="0" failures="0" timestamp="22 Jan 2019 19:55:48 GMT" skipped="0" hostname="MAC09F.local" errors="0">
  <testcase name="app_tapOnNavigationMenuBtn" time="2.895" classname="MobileProgrammingLLC.Tests.WebViewTest_App_ValidatingAboutSection"/>
  <testcase name="app_validateIntroTitle" time="1.253" classname="MobileProgrammingLLC.Tests.WebViewTest_App_ValidatingAboutSection"/>
  <testcase name="app_verifyAboutPage" time="2.539" classname="MobileProgrammingLLC.Tests.WebViewTest_App_ValidatingAboutSection"/>
  <testcase name="app_tapOnAboutOption" time="2.502" classname="MobileProgrammingLLC.Tests.WebViewTest_App_ValidatingAboutSection"/>
</testsuite> <!-- MobileProgrammingLLC.Tests.WebViewTest_App_ValidatingAboutSection -->
